2025-09-27 05:00:16,912 INFO o.a.j.u.JMeterUtils: Setting Locale to en_EN
2025-09-27 05:00:16,923 INFO o.a.j.JMeter: Loading user properties from: C:\Tools\apache-jmeter-5.6.3\bin\user.properties
2025-09-27 05:00:16,923 INFO o.a.j.JMeter: Loading system properties from: C:\Tools\apache-jmeter-5.6.3\bin\system.properties
2025-09-27 05:00:16,933 INFO o.a.j.JMeter: Copyright (c) 1998-2024 The Apache Software Foundation
2025-09-27 05:00:16,933 INFO o.a.j.JMeter: Version 5.6.3
2025-09-27 05:00:16,933 INFO o.a.j.JMeter: java.version=1.8.0_402
2025-09-27 05:00:16,933 INFO o.a.j.JMeter: java.vm.name=OpenJDK 64-Bit Server VM
2025-09-27 05:00:16,933 INFO o.a.j.JMeter: os.name=Windows 11
2025-09-27 05:00:16,933 INFO o.a.j.JMeter: os.arch=amd64
2025-09-27 05:00:16,933 INFO o.a.j.JMeter: os.version=10.0
2025-09-27 05:00:16,933 INFO o.a.j.JMeter: file.encoding=Cp1252
2025-09-27 05:00:16,933 INFO o.a.j.JMeter: java.awt.headless=true
2025-09-27 05:00:16,933 INFO o.a.j.JMeter: Max memory     =1073741824
2025-09-27 05:00:16,933 INFO o.a.j.JMeter: Available Processors =12
2025-09-27 05:00:16,943 INFO o.a.j.JMeter: Default Locale=English (EN)
2025-09-27 05:00:16,943 INFO o.a.j.JMeter: JMeter  Locale=English (EN)
2025-09-27 05:00:16,943 INFO o.a.j.JMeter: JMeterHome=C:\Tools\apache-jmeter-5.6.3
2025-09-27 05:00:16,943 INFO o.a.j.JMeter: user.dir  =D:\reqres-performance-testing\scripts
2025-09-27 05:00:16,943 INFO o.a.j.JMeter: PWD       =D:\reqres-performance-testing\scripts
2025-09-27 05:00:16,943 INFO o.a.j.JMeter: IP: 192.168.1.186 Name: LAPTOP-BIP4AQU9 FullName: LAPTOP-BIP4AQU9
2025-09-27 05:00:16,964 INFO o.a.j.JMeter: Setting property 'jmeter.reportgenerator.outputdir' to:'D:\reqres-performance-testing\results\load_test_report'
2025-09-27 05:00:16,964 INFO o.a.j.s.FileServer: Default base='D:\reqres-performance-testing\scripts'
2025-09-27 05:00:16,974 INFO o.a.j.s.FileServer: Set new base='D:\reqres-performance-testing\test-plan'
2025-09-27 05:00:17,126 INFO o.a.j.s.SaveService: Testplan (JMX) version: 2.2. Testlog (JTL) version: 2.2
2025-09-27 05:00:17,147 INFO o.a.j.s.SaveService: Using SaveService properties file encoding UTF-8
2025-09-27 05:00:17,147 INFO o.a.j.s.SaveService: Using SaveService properties version 5.0
2025-09-27 05:00:17,157 INFO o.a.j.s.SaveService: Loading file: D:\reqres-performance-testing\test-plan\PerformanceLoadTest_Reqres.jmx
2025-09-27 05:00:17,279 INFO o.a.j.p.h.s.HTTPSamplerBase: Parser for text/html is org.apache.jmeter.protocol.http.parser.LagartoBasedHtmlParser
2025-09-27 05:00:17,279 INFO o.a.j.p.h.s.HTTPSamplerBase: Parser for application/xhtml+xml is org.apache.jmeter.protocol.http.parser.LagartoBasedHtmlParser
2025-09-27 05:00:17,279 INFO o.a.j.p.h.s.HTTPSamplerBase: Parser for application/xml is org.apache.jmeter.protocol.http.parser.LagartoBasedHtmlParser
2025-09-27 05:00:17,279 INFO o.a.j.p.h.s.HTTPSamplerBase: Parser for text/xml is org.apache.jmeter.protocol.http.parser.LagartoBasedHtmlParser
2025-09-27 05:00:17,279 INFO o.a.j.p.h.s.HTTPSamplerBase: Parser for text/vnd.wap.wml is org.apache.jmeter.protocol.http.parser.RegexpHTMLParser
2025-09-27 05:00:17,279 INFO o.a.j.p.h.s.HTTPSamplerBase: Parser for text/css is org.apache.jmeter.protocol.http.parser.CssParser
2025-09-27 05:00:17,658 INFO o.a.j.JMeter: Creating summariser <summary>
2025-09-27 05:00:17,672 INFO o.a.j.r.d.ReportGenerator: ReportGenerator will use for Parsing the separator: ','
2025-09-27 05:00:17,672 INFO o.a.j.r.d.ReportGenerator: Will generate report at end of test from  results file: D:\reqres-performance-testing\results\load_test_results.jtl
2025-09-27 05:00:17,672 INFO o.a.j.r.d.ReportGenerator: Reading report generator properties from: C:\Tools\apache-jmeter-5.6.3\bin\reportgenerator.properties
2025-09-27 05:00:17,672 INFO o.a.j.r.d.ReportGenerator: Merging with JMeter properties
2025-09-27 05:00:17,678 INFO o.a.j.r.c.ReportGeneratorConfiguration: Property 'jmeter.reportgenerator.temp_dir' not found, using default value 'temp' instead.
2025-09-27 05:00:17,686 INFO o.a.j.r.c.ReportGeneratorConfiguration: Property 'jmeter.reportgenerator.apdex_per_transaction' not found, using default value 'null' instead.
2025-09-27 05:00:17,686 INFO o.a.j.r.c.ReportGeneratorConfiguration: apdex_per_transaction is empty, not APDEX per transaction customization
2025-09-27 05:00:17,686 INFO o.a.j.r.c.ReportGeneratorConfiguration: Property 'jmeter.reportgenerator.sample_filter' not found, using default value 'null' instead.
2025-09-27 05:00:17,686 INFO o.a.j.r.c.ReportGeneratorConfiguration: Property 'jmeter.reportgenerator.report_title' not found, using default value 'null' instead.
2025-09-27 05:00:17,686 INFO o.a.j.r.c.ReportGeneratorConfiguration: Property 'jmeter.reportgenerator.start_date' not found, using default value 'null' instead.
2025-09-27 05:00:17,686 INFO o.a.j.r.c.ReportGeneratorConfiguration: Property 'jmeter.reportgenerator.end_date' not found, using default value 'null' instead.
2025-09-27 05:00:17,686 INFO o.a.j.r.c.ReportGeneratorConfiguration: Property 'jmeter.reportgenerator.date_format' not found, using default value 'null' instead.
2025-09-27 05:00:17,686 INFO o.a.j.r.c.ReportGeneratorConfiguration: Will use date range start date: null, end date: null
2025-09-27 05:00:17,686 INFO o.a.j.r.c.ReportGeneratorConfiguration: Property 'jmeter.reportgenerator.graph.totalTPS.exclude_controllers' not found, using default value 'false' instead.
2025-09-27 05:00:17,686 INFO o.a.j.r.c.ReportGeneratorConfiguration: Property 'jmeter.reportgenerator.graph.activeThreadsOverTime.exclude_controllers' not found, using default value 'false' instead.
2025-09-27 05:00:17,697 INFO o.a.j.r.c.ReportGeneratorConfiguration: Property 'jmeter.reportgenerator.graph.timeVsThreads.exclude_controllers' not found, using default value 'false' instead.
2025-09-27 05:00:17,697 INFO o.a.j.r.c.ReportGeneratorConfiguration: Property 'jmeter.reportgenerator.graph.responseTimeDistribution.exclude_controllers' not found, using default value 'false' instead.
2025-09-27 05:00:17,697 INFO o.a.j.r.c.ReportGeneratorConfiguration: Property 'jmeter.reportgenerator.graph.transactionsPerSecond.exclude_controllers' not found, using default value 'false' instead.
2025-09-27 05:00:17,697 INFO o.a.j.r.c.ReportGeneratorConfiguration: Property 'jmeter.reportgenerator.graph.responseTimePercentiles.exclude_controllers' not found, using default value 'false' instead.
2025-09-27 05:00:17,697 INFO o.a.j.r.c.ReportGeneratorConfiguration: Property 'jmeter.reportgenerator.graph.responseTimePercentilesOverTime.exclude_controllers' not found, using default value 'false' instead.
2025-09-27 05:00:17,697 INFO o.a.j.r.c.ReportGeneratorConfiguration: Property 'jmeter.reportgenerator.graph.responseTimesOverTime.exclude_controllers' not found, using default value 'false' instead.
2025-09-27 05:00:17,697 INFO o.a.j.r.c.ReportGeneratorConfiguration: Property 'jmeter.reportgenerator.graph.connectTimeOverTime.exclude_controllers' not found, using default value 'false' instead.
2025-09-27 05:00:17,697 INFO o.a.j.r.c.ReportGeneratorConfiguration: Property 'jmeter.reportgenerator.graph.latenciesOverTime.exclude_controllers' not found, using default value 'false' instead.
2025-09-27 05:00:17,700 INFO o.a.j.r.c.ReportGeneratorConfiguration: Property 'jmeter.reportgenerator.exporter.json.filters_only_sample_series' not found, using default value 'true' instead.
2025-09-27 05:00:17,700 INFO o.a.j.r.c.ReportGeneratorConfiguration: Property 'jmeter.reportgenerator.exporter.json.series_filter' not found, using default value '' instead.
2025-09-27 05:00:17,700 INFO o.a.j.r.c.ReportGeneratorConfiguration: Property 'jmeter.reportgenerator.exporter.json.show_controllers_only' not found, using default value 'false' instead.
2025-09-27 05:00:17,700 INFO o.a.j.r.c.ReportGeneratorConfiguration: Property 'jmeter.reportgenerator.exporter.html.filters_only_sample_series' not found, using default value 'true' instead.
2025-09-27 05:00:17,700 INFO o.a.j.r.c.ReportGeneratorConfiguration: Property 'jmeter.reportgenerator.exporter.html.series_filter' not found, using default value '' instead.
2025-09-27 05:00:17,702 INFO o.a.j.r.c.ReportGeneratorConfiguration: Property 'jmeter.reportgenerator.exporter.html.show_controllers_only' not found, using default value 'false' instead.
2025-09-27 05:00:17,707 INFO o.a.j.e.StandardJMeterEngine: Running the test!
2025-09-27 05:00:17,717 INFO o.a.j.s.SampleEvent: List of sample_variables: []
2025-09-27 05:00:17,717 INFO o.a.j.s.SampleEvent: List of sample_variables: []
2025-09-27 05:00:17,728 INFO o.a.j.e.u.CompoundVariable: Note: Function class names must contain the string: '.functions.'
2025-09-27 05:00:17,728 INFO o.a.j.e.u.CompoundVariable: Note: Function class names must not contain the string: '.gui.'
2025-09-27 05:00:18,110 INFO o.a.j.JMeter: Running test (1758924018110)
2025-09-27 05:00:18,168 INFO o.a.j.e.StandardJMeterEngine: Starting ThreadGroup: 1 : LoadTest_Reqres
2025-09-27 05:00:18,168 INFO o.a.j.e.StandardJMeterEngine: Starting 20 threads for group LoadTest_Reqres.
2025-09-27 05:00:18,168 INFO o.a.j.e.StandardJMeterEngine: Thread will continue on error
2025-09-27 05:00:18,168 INFO o.a.j.t.ThreadGroup: Starting thread group... number=1 threads=20 ramp-up=60 delayedStart=false
2025-09-27 05:00:18,179 INFO o.a.j.t.JMeterThread: Thread started: LoadTest_Reqres 1-1
2025-09-27 05:00:18,199 INFO o.a.j.t.ThreadGroup: Started thread group number 1
2025-09-27 05:00:18,199 INFO o.a.j.e.StandardJMeterEngine: All thread groups have been started
2025-09-27 05:00:20,219 INFO o.a.j.p.h.s.HTTPHCAbstractImpl: Local host = LAPTOP-BIP4AQU9
2025-09-27 05:00:20,229 INFO o.a.j.p.h.s.HTTPHC4Impl: HTTP request retry count = 0
2025-09-27 05:00:20,231 INFO o.a.j.s.SampleResult: Note: Sample TimeStamps are START times
2025-09-27 05:00:20,231 INFO o.a.j.s.SampleResult: sampleresult.default.encoding is set to UTF-8
2025-09-27 05:00:20,231 INFO o.a.j.s.SampleResult: sampleresult.useNanoTime=true
2025-09-27 05:00:20,231 INFO o.a.j.s.SampleResult: sampleresult.nanoThreadSleep=5000
2025-09-27 05:00:20,343 INFO o.a.j.p.h.s.h.LazyLayeredConnectionSocketFactory: Setting up HTTPS TrustAll Socket Factory
2025-09-27 05:00:20,351 INFO o.a.j.u.JsseSSLManager: Using default SSL protocol: TLS
2025-09-27 05:00:20,351 INFO o.a.j.u.JsseSSLManager: SSL session context: per-thread
2025-09-27 05:00:20,468 INFO o.a.j.u.SSLManager: JmeterKeyStore Location:  type JKS
2025-09-27 05:00:20,472 INFO o.a.j.u.SSLManager: KeyStore created OK
2025-09-27 05:00:20,472 WARN o.a.j.u.SSLManager: Keystore file not found, loading empty keystore
2025-09-27 05:00:21,227 INFO o.a.j.t.JMeterThread: Thread started: LoadTest_Reqres 1-2
2025-09-27 05:00:24,168 INFO o.a.j.t.JMeterThread: Thread started: LoadTest_Reqres 1-3
2025-09-27 05:00:25,804 INFO o.a.j.t.JMeterThread: Thread is done: LoadTest_Reqres 1-1
2025-09-27 05:00:25,804 INFO o.a.j.t.JMeterThread: Thread finished: LoadTest_Reqres 1-1
2025-09-27 05:00:27,168 INFO o.a.j.t.JMeterThread: Thread started: LoadTest_Reqres 1-4
2025-09-27 05:00:28,078 INFO o.a.j.t.JMeterThread: Thread is done: LoadTest_Reqres 1-2
2025-09-27 05:00:28,078 INFO o.a.j.t.JMeterThread: Thread finished: LoadTest_Reqres 1-2
2025-09-27 05:00:30,168 INFO o.a.j.t.JMeterThread: Thread started: LoadTest_Reqres 1-5
2025-09-27 05:00:31,032 INFO o.a.j.r.Summariser: summary +     10 in 00:00:13 =    0.8/s Avg:   358 Min:    58 Max:  1094 Err:     7 (70.00%) Active: 3 Started: 5 Finished: 2
2025-09-27 05:00:31,032 INFO o.a.j.t.JMeterThread: Thread is done: LoadTest_Reqres 1-3
2025-09-27 05:00:31,032 INFO o.a.j.t.JMeterThread: Thread finished: LoadTest_Reqres 1-3
2025-09-27 05:00:33,179 INFO o.a.j.t.JMeterThread: Thread started: LoadTest_Reqres 1-6
2025-09-27 05:00:34,011 INFO o.a.j.t.JMeterThread: Thread is done: LoadTest_Reqres 1-4
2025-09-27 05:00:34,011 INFO o.a.j.t.JMeterThread: Thread finished: LoadTest_Reqres 1-4
2025-09-27 05:00:36,169 INFO o.a.j.t.JMeterThread: Thread started: LoadTest_Reqres 1-7
2025-09-27 05:00:37,039 INFO o.a.j.t.JMeterThread: Thread is done: LoadTest_Reqres 1-5
2025-09-27 05:00:37,039 INFO o.a.j.t.JMeterThread: Thread finished: LoadTest_Reqres 1-5
2025-09-27 05:00:39,168 INFO o.a.j.t.JMeterThread: Thread started: LoadTest_Reqres 1-8
2025-09-27 05:00:40,030 INFO o.a.j.t.JMeterThread: Thread is done: LoadTest_Reqres 1-6
2025-09-27 05:00:40,030 INFO o.a.j.t.JMeterThread: Thread finished: LoadTest_Reqres 1-6
2025-09-27 05:00:42,168 INFO o.a.j.t.JMeterThread: Thread started: LoadTest_Reqres 1-9
2025-09-27 05:00:43,049 INFO o.a.j.t.JMeterThread: Thread is done: LoadTest_Reqres 1-7
2025-09-27 05:00:43,049 INFO o.a.j.t.JMeterThread: Thread finished: LoadTest_Reqres 1-7
2025-09-27 05:00:45,169 INFO o.a.j.t.JMeterThread: Thread started: LoadTest_Reqres 1-10
2025-09-27 05:00:45,985 INFO o.a.j.t.JMeterThread: Thread is done: LoadTest_Reqres 1-8
2025-09-27 05:00:45,985 INFO o.a.j.t.JMeterThread: Thread finished: LoadTest_Reqres 1-8
2025-09-27 05:00:48,169 INFO o.a.j.t.JMeterThread: Thread started: LoadTest_Reqres 1-11
2025-09-27 05:00:49,015 INFO o.a.j.t.JMeterThread: Thread is done: LoadTest_Reqres 1-9
2025-09-27 05:00:49,015 INFO o.a.j.t.JMeterThread: Thread finished: LoadTest_Reqres 1-9
2025-09-27 05:00:51,168 INFO o.a.j.t.JMeterThread: Thread started: LoadTest_Reqres 1-12
2025-09-27 05:00:52,000 INFO o.a.j.t.JMeterThread: Thread is done: LoadTest_Reqres 1-10
2025-09-27 05:00:52,000 INFO o.a.j.t.JMeterThread: Thread finished: LoadTest_Reqres 1-10
2025-09-27 05:00:54,168 INFO o.a.j.t.JMeterThread: Thread started: LoadTest_Reqres 1-13
2025-09-27 05:00:55,039 INFO o.a.j.t.JMeterThread: Thread is done: LoadTest_Reqres 1-11
2025-09-27 05:00:55,039 INFO o.a.j.t.JMeterThread: Thread finished: LoadTest_Reqres 1-11
2025-09-27 05:00:57,168 INFO o.a.j.t.JMeterThread: Thread started: LoadTest_Reqres 1-14
2025-09-27 05:00:58,016 INFO o.a.j.t.JMeterThread: Thread is done: LoadTest_Reqres 1-12
2025-09-27 05:00:58,016 INFO o.a.j.t.JMeterThread: Thread finished: LoadTest_Reqres 1-12
2025-09-27 05:01:00,168 INFO o.a.j.t.JMeterThread: Thread started: LoadTest_Reqres 1-15
2025-09-27 05:01:01,014 INFO o.a.j.r.Summariser: summary +     30 in 00:00:30 =    1.0/s Avg:   277 Min:    58 Max:   458 Err:    15 (50.00%) Active: 3 Started: 15 Finished: 12
2025-09-27 05:01:01,014 INFO o.a.j.r.Summariser: summary =     40 in 00:00:43 =    0.9/s Avg:   297 Min:    58 Max:  1094 Err:    22 (55.00%)
2025-09-27 05:01:01,014 INFO o.a.j.t.JMeterThread: Thread is done: LoadTest_Reqres 1-13
2025-09-27 05:01:01,014 INFO o.a.j.t.JMeterThread: Thread finished: LoadTest_Reqres 1-13
2025-09-27 05:01:03,169 INFO o.a.j.t.JMeterThread: Thread started: LoadTest_Reqres 1-16
2025-09-27 05:01:04,001 INFO o.a.j.t.JMeterThread: Thread is done: LoadTest_Reqres 1-14
2025-09-27 05:01:04,001 INFO o.a.j.t.JMeterThread: Thread finished: LoadTest_Reqres 1-14
2025-09-27 05:01:06,168 INFO o.a.j.t.JMeterThread: Thread started: LoadTest_Reqres 1-17
2025-09-27 05:01:07,016 INFO o.a.j.t.JMeterThread: Thread is done: LoadTest_Reqres 1-15
2025-09-27 05:01:07,016 INFO o.a.j.t.JMeterThread: Thread finished: LoadTest_Reqres 1-15
2025-09-27 05:01:09,178 INFO o.a.j.t.JMeterThread: Thread started: LoadTest_Reqres 1-18
2025-09-27 05:01:10,007 INFO o.a.j.t.JMeterThread: Thread is done: LoadTest_Reqres 1-16
2025-09-27 05:01:10,007 INFO o.a.j.t.JMeterThread: Thread finished: LoadTest_Reqres 1-16
2025-09-27 05:01:12,179 INFO o.a.j.t.JMeterThread: Thread started: LoadTest_Reqres 1-19
2025-09-27 05:01:13,010 INFO o.a.j.t.JMeterThread: Thread is done: LoadTest_Reqres 1-17
2025-09-27 05:01:13,010 INFO o.a.j.t.JMeterThread: Thread finished: LoadTest_Reqres 1-17
2025-09-27 05:01:15,169 INFO o.a.j.t.JMeterThread: Thread started: LoadTest_Reqres 1-20
2025-09-27 05:01:16,018 INFO o.a.j.t.JMeterThread: Thread is done: LoadTest_Reqres 1-18
2025-09-27 05:01:16,018 INFO o.a.j.t.JMeterThread: Thread finished: LoadTest_Reqres 1-18
2025-09-27 05:01:19,281 INFO o.a.j.t.JMeterThread: Thread is done: LoadTest_Reqres 1-19
2025-09-27 05:01:19,281 INFO o.a.j.t.JMeterThread: Thread finished: LoadTest_Reqres 1-19
2025-09-27 05:01:21,985 INFO o.a.j.t.JMeterThread: Thread is done: LoadTest_Reqres 1-20
2025-09-27 05:01:21,985 INFO o.a.j.t.JMeterThread: Thread finished: LoadTest_Reqres 1-20
2025-09-27 05:01:21,985 INFO o.a.j.e.StandardJMeterEngine: Notifying test listeners of end of test
2025-09-27 05:01:21,985 INFO o.a.j.r.Summariser: summary +     20 in 00:00:21 =    1.0/s Avg:   280 Min:    58 Max:   711 Err:     0 (0.00%) Active: 0 Started: 20 Finished: 20
2025-09-27 05:01:21,985 INFO o.a.j.r.Summariser: summary =     60 in 00:01:04 =    0.9/s Avg:   292 Min:    58 Max:  1094 Err:    22 (36.67%)
2025-09-27 05:01:21,985 INFO o.a.j.JMeter: Generating Dashboard
2025-09-27 05:01:21,985 INFO o.a.j.r.d.ReportGenerator: Flushing result collector before report Generation
2025-09-27 05:01:22,033 INFO o.a.j.r.p.NormalizerSampleConsumer: Using format, 'ms', to parse timeStamp field
2025-09-27 05:01:22,137 INFO o.a.j.r.p.AbstractSampleConsumer: class org.apache.jmeter.report.processor.AggregateConsumer#stopProducing(): beginDate produced 0 samples
2025-09-27 05:01:22,137 INFO o.a.j.r.p.AbstractSampleConsumer: class org.apache.jmeter.report.processor.AggregateConsumer#stopProducing(): endDate produced 0 samples
2025-09-27 05:01:22,139 INFO o.a.j.r.p.AbstractSampleConsumer: class org.apache.jmeter.report.processor.ApdexSummaryConsumer#stopProducing(): apdexSummary produced 0 samples
2025-09-27 05:01:22,139 INFO o.a.j.r.p.AbstractSampleConsumer: class org.apache.jmeter.report.processor.RequestsSummaryConsumer#stopProducing(): requestsSummary produced 0 samples
2025-09-27 05:01:22,145 INFO o.a.j.r.p.AbstractSampleConsumer: class org.apache.jmeter.report.processor.StatisticsSummaryConsumer#stopProducing(): statisticsSummary produced 0 samples
2025-09-27 05:01:22,145 INFO o.a.j.r.p.AbstractSampleConsumer: class org.apache.jmeter.report.processor.Top5ErrorsBySamplerConsumer#stopProducing(): top5ErrorsBySampler produced 0 samples
2025-09-27 05:01:22,145 INFO o.a.j.r.p.AbstractSampleConsumer: class org.apache.jmeter.report.processor.ErrorsSummaryConsumer#stopProducing(): errorsSummary produced 0 samples
2025-09-27 05:01:22,145 INFO o.a.j.r.p.AbstractSampleConsumer: class org.apache.jmeter.report.processor.graph.impl.HitsPerSecondGraphConsumer#stopProducing(): hitsPerSecond produced 0 samples
2025-09-27 05:01:22,192 INFO o.a.j.r.p.AbstractSampleConsumer: class org.apache.jmeter.report.processor.graph.impl.LatencyVSRequestGraphConsumer#stopProducing(): latencyVsRequest produced 0 samples
2025-09-27 05:01:22,192 INFO o.a.j.r.p.AbstractSampleConsumer: class org.apache.jmeter.report.processor.graph.impl.SyntheticResponseTimeDistributionGraphConsumer#stopProducing(): syntheticResponseTimeDistribution produced 0 samples
2025-09-27 05:01:22,192 INFO o.a.j.r.p.AbstractSampleConsumer: class org.apache.jmeter.report.processor.graph.impl.BytesThroughputGraphConsumer#stopProducing(): bytesThroughputOverTime produced 0 samples
2025-09-27 05:01:22,192 INFO o.a.j.r.p.AbstractSampleConsumer: class org.apache.jmeter.report.processor.graph.impl.CodesPerSecondGraphConsumer#stopProducing(): codesPerSecond produced 0 samples
2025-09-27 05:01:22,216 INFO o.a.j.r.p.AbstractSampleConsumer: class org.apache.jmeter.report.processor.graph.impl.ResponseTimeVSRequestGraphConsumer#stopProducing(): responseTimeVsRequest produced 0 samples
2025-09-27 05:01:22,216 INFO o.a.j.r.p.AbstractSampleConsumer: class org.apache.jmeter.report.processor.FilterConsumer#stopProducing(): startIntervalControlerFilter produced 420 samples
2025-09-27 05:01:22,216 INFO o.a.j.r.p.AbstractSampleConsumer: class org.apache.jmeter.report.processor.graph.impl.TotalTPSGraphConsumer#stopProducing(): totalTPS produced 0 samples
2025-09-27 05:01:22,216 INFO o.a.j.r.p.AbstractSampleConsumer: class org.apache.jmeter.report.processor.graph.impl.ActiveThreadsGraphConsumer#stopProducing(): activeThreadsOverTime produced 0 samples
2025-09-27 05:01:22,216 INFO o.a.j.r.p.AbstractSampleConsumer: class org.apache.jmeter.report.processor.graph.impl.TimeVSThreadGraphConsumer#stopProducing(): timeVsThreads produced 0 samples
2025-09-27 05:01:22,216 INFO o.a.j.r.p.AbstractSampleConsumer: class org.apache.jmeter.report.processor.graph.impl.ResponseTimeDistributionGraphConsumer#stopProducing(): responseTimeDistribution produced 0 samples
2025-09-27 05:01:22,216 INFO o.a.j.r.p.AbstractSampleConsumer: class org.apache.jmeter.report.processor.graph.impl.TransactionsPerSecondGraphConsumer#stopProducing(): transactionsPerSecond produced 0 samples
2025-09-27 05:01:22,216 INFO o.a.j.r.p.AbstractSampleConsumer: class org.apache.jmeter.report.processor.graph.impl.ResponseTimePercentilesGraphConsumer#stopProducing(): responseTimePercentiles produced 0 samples
2025-09-27 05:01:22,216 INFO o.a.j.r.p.AbstractSampleConsumer: class org.apache.jmeter.report.processor.graph.impl.ResponseTimePercentilesOverTimeGraphConsumer#stopProducing(): responseTimePercentilesOverTime produced 0 samples
2025-09-27 05:01:22,216 INFO o.a.j.r.p.AbstractSampleConsumer: class org.apache.jmeter.report.processor.graph.impl.ResponseTimeOverTimeGraphConsumer#stopProducing(): responseTimesOverTime produced 0 samples
2025-09-27 05:01:22,216 INFO o.a.j.r.p.AbstractSampleConsumer: class org.apache.jmeter.report.processor.graph.impl.ConnectTimeOverTimeGraphConsumer#stopProducing(): connectTimeOverTime produced 0 samples
2025-09-27 05:01:22,216 INFO o.a.j.r.p.AbstractSampleConsumer: class org.apache.jmeter.report.processor.graph.impl.LatencyOverTimeGraphConsumer#stopProducing(): latenciesOverTime produced 0 samples
2025-09-27 05:01:22,216 INFO o.a.j.r.p.AbstractSampleConsumer: class org.apache.jmeter.report.processor.FilterConsumer#stopProducing(): nameFilter produced 900 samples
2025-09-27 05:01:22,216 INFO o.a.j.r.p.AbstractSampleConsumer: class org.apache.jmeter.report.processor.FilterConsumer#stopProducing(): dateRangeFilter produced 180 samples
2025-09-27 05:01:22,216 INFO o.a.j.r.p.AbstractSampleConsumer: class org.apache.jmeter.report.processor.NormalizerSampleConsumer#stopProducing(): normalizer produced 60 samples
2025-09-27 05:01:22,216 INFO o.a.j.r.p.CsvFileSampleSource: produce(): 60 samples produced in 151ms on channel 0
2025-09-27 05:01:22,224 INFO o.a.j.r.d.ReportGenerator: Exporting data using exporter:'json' of className:'org.apache.jmeter.report.dashboard.JsonExporter'
2025-09-27 05:01:22,350 INFO o.a.j.r.d.JsonExporter: Found data for consumer statisticsSummary in context
2025-09-27 05:01:22,350 INFO o.a.j.r.d.JsonExporter: Creating statistics for overall
2025-09-27 05:01:22,350 INFO o.a.j.r.d.JsonExporter: Creating statistics for other transactions
2025-09-27 05:01:22,350 INFO o.a.j.r.d.JsonExporter: Checking output folder
2025-09-27 05:01:22,350 INFO o.a.j.r.d.JsonExporter: Writing statistics JSON to D:\reqres-performance-testing\results\load_test_report\statistics.json
2025-09-27 05:01:22,429 INFO o.a.j.r.d.ReportGenerator: Exporting data using exporter:'html' of className:'org.apache.jmeter.report.dashboard.HtmlTemplateExporter'
2025-09-27 05:01:22,429 INFO o.a.j.r.d.HtmlTemplateExporter: Will generate dashboard in folder: D:\reqres-performance-testing\results\load_test_report
2025-09-27 05:01:22,572 INFO o.a.j.r.d.HtmlTemplateExporter: Report will be generated in: D:\reqres-performance-testing\results\load_test_report, creating folder structure
2025-09-27 05:01:22,572 INFO o.a.j.r.d.TemplateVisitor: Copying folder from 'C:\Tools\apache-jmeter-5.6.3\bin\report-template' to 'D:\reqres-performance-testing\results\load_test_report', got message: D:\reqres-performance-testing\results\load_test_report, found non empty folder with following content [D:\reqres-performance-testing\results\load_test_report\statistics.json], will be ignored
2025-09-27 05:01:22,985 INFO o.a.j.JMeter: Dashboard generated
